<?xml version="1.0" encoding="UTF-8"?>
<!-- Generated by org.testng.reporters.JUnitReportReporter -->
<testsuite hostname="Furkan" failures="0" tests="4" name="amazonExecution.RunnerClass" time="74.366" errors="0" timestamp="2024-12-04T16:06:31 IST" skipped="0">
  <testcase classname="amazonExecution.RunnerClass" name="runScenario" time="14.104"/>
  <testcase classname="amazonExecution.RunnerClass" name="runScenario" time="15.240"/>
  <testcase classname="amazonExecution.RunnerClass" name="runScenario" time="13.856"/>
  <testcase classname="amazonExecution.RunnerClass" name="runScenario" time="31.166"/>
</testsuite> <!-- amazonExecution.RunnerClass -->
