<?xml version="1.0" encoding="UTF-8"?>
<!-- Generated by org.testng.reporters.JUnitReportReporter -->
<testsuite hostname="Furkan" failures="0" tests="1" name="amazonExecution.RunnerClass" time="13.898" errors="0" timestamp="2024-12-04T16:35:18 IST" skipped="0">
  <testcase classname="amazonExecution.RunnerClass" name="runScenario" time="13.898"/>
</testsuite> <!-- amazonExecution.RunnerClass -->
